0 18:55
1 18:56
0 18:56
1 18:56
0 18:56
1 18:56
0 18:56
1 18:57
0 18:57
1 18:57
2 18:57
1 18:57
0 18:58
1 19:08
0 19:09
1 19:10
0 19:10
-1 19:10
0 19:10
1 19:10
2 19:10
1 19:10
0 19:10
-1 19:10
0 19:11
-1 19:11
-2 19:11
-3 19:11
-4 19:11
-5 19:11
-4 19:11
-5 19:11
-4 19:11
-3 19:11
-4 19:11
-5 19:12
-6 19:12
-7 19:12
-8 19:12
-9 19:12
-8 19:12
-9 19:12
-8 19:12
-9 19:12
-10 19:12
-11 19:12
-12 19:12
-13 19:12
-12 19:12
-11 19:12
-12 19:13
-13 19:13
-14 19:13
-13 19:13
-14 19:13
-15 19:13
-16 19:14
-17 19:14
-18 19:14
-19 19:14
-20 19:14
-21 19:14
-20 19:15
-19 19:15
-20 19:15
-21 19:15
-20 19:15
-19 19:15
-20 19:15
-21 19:16
-20 19:16
-19 19:16
-18 19:16
-19 19:16
-18 19:16
-19 19:17
-20 19:17
-21 19:17
-20 19:17
-21 19:17
-22 19:17
-21 19:17
-22 19:17
-23 19:18
-22 19:18
-23 19:18
-22 19:18
-23 19:18
-24 19:18
-25 19:18
-24 19:18
-23 19:18
-22 19:18
-23 19:18
-24 19:19
-23 19:19
-22 19:19
-23 19:19
-22 19:19
-21 19:19
-22 19:20
-21 19:20
-22 19:20
-21 19:20
-22 19:20
-23 19:20
-22 19:20
-23 19:20
-24 19:20
-25 19:20
-24 19:20
-23 19:20
-24 19:20
-25 19:20
-26 19:20
-25 19:20
-26 19:20
-27 19:20
-28 19:20
-27 19:20
-26 19:21
-25 19:21
-24 19:21
-23 19:21
-24 19:21
-25 19:21
-26 19:21
-25 19:21
-26 19:24
-27 19:24
-28 19:24
-29 19:24
-30 19:24
-29 19:25
-30 19:26
-29 19:26
-28 19:26
-29 19:26
-28 19:26
-29 19:26
-30 19:26
-31 19:26
-32 19:26
-31 19:26
-30 19:27
-29 19:27
-30 19:27
-31 19:27
-32 19:27
-31 19:27
-32 19:55
-33 19:55
