0 20:28
1 20:33
2 20:33
3 20:34
4 20:42
5 20:43
4 20:43
3 20:43
2 20:43
3 20:45
2 20:45
3 20:47
4 20:48
5 20:49
6 20:49
5 20:52
6 20:52
7 20:52
6 20:54
5 20:54
6 20:54
5 20:55
6 20:56
5 21:08
4 21:08
3 21:08
2 21:08
3 21:09
2 21:09
1 21:09
0 21:09
-1 21:09
-2 21:11
-1 21:12
0 21:12
-1 21:14
-2 21:15
-3 21:15
-4 21:15
-5 21:16
-4 21:17
-3 21:18
-4 21:52
-5 21:52
-6 21:52
-7 21:53
-6 21:53
-7 21:53
-8 21:54
-9 21:56
-10 21:56
-9 21:56
-10 21:56
-11 21:56
-10 21:56
-9 21:56
-10 21:57
-9 21:57
-10 21:57
-9 21:57
-8 21:58
